<?xml version="1.0" encoding="UTF-8"?>
<testng-results ignored="0" total="3" passed="3" failed="0" skipped="0">
  <reporter-output>
  </reporter-output>
  <suite started-at="2026-01-03T18:00:42 IST" name="All Test Suite" finished-at="2026-01-03T18:01:02 IST" duration-ms="20063">
    <groups>
    </groups>
    <test started-at="2026-01-03T18:00:42 IST" name="Search Test Suite" finished-at="2026-01-03T18:01:02 IST" duration-ms="20063">
      <class name="com.testcases.SearchTest">
        <test-method is-config="true" signature="setup()[pri:0, instance:com.testcases.SearchTest@497aec8c]" started-at="2026-01-03T18:00:42 IST" name="setup" finished-at="2026-01-03T18:00:51 IST" duration-ms="8976" status="PASS">
          <reporter-output>
          </reporter-output>
        </test-method> <!-- setup -->
        <test-method signature="searchwithvalidproduct()[pri:1, instance:com.testcases.SearchTest@497aec8c]" started-at="2026-01-03T18:00:51 IST" name="searchwithvalidproduct" finished-at="2026-01-03T18:00:52 IST" duration-ms="681" status="PASS">
          <reporter-output>
          </reporter-output>
        </test-method> <!-- searchwithvalidproduct -->
        <test-method is-config="true" signature="quit()[pri:0, instance:com.testcases.SearchTest@497aec8c]" started-at="2026-01-03T18:00:52 IST" name="quit" finished-at="2026-01-03T18:00:52 IST" duration-ms="612" status="PASS">
          <reporter-output>
          </reporter-output>
        </test-method> <!-- quit -->
        <test-method is-config="true" signature="setup()[pri:0, instance:com.testcases.SearchTest@497aec8c]" started-at="2026-01-03T18:00:52 IST" name="setup" finished-at="2026-01-03T18:00:56 IST" duration-ms="3704" status="PASS">
          <reporter-output>
          </reporter-output>
        </test-method> <!-- setup -->
        <test-method signature="searchwith_noexistent_product()[pri:2, instance:com.testcases.SearchTest@497aec8c]" started-at="2026-01-03T18:00:56 IST" name="searchwith_noexistent_product" finished-at="2026-01-03T18:00:57 IST" duration-ms="449" status="PASS">
          <reporter-output>
          </reporter-output>
        </test-method> <!-- searchwith_noexistent_product -->
        <test-method is-config="true" signature="quit()[pri:0, instance:com.testcases.SearchTest@497aec8c]" started-at="2026-01-03T18:00:57 IST" name="quit" finished-at="2026-01-03T18:00:57 IST" duration-ms="612" status="PASS">
          <reporter-output>
          </reporter-output>
        </test-method> <!-- quit -->
        <test-method is-config="true" signature="setup()[pri:0, instance:com.testcases.SearchTest@497aec8c]" started-at="2026-01-03T18:00:57 IST" name="setup" finished-at="2026-01-03T18:01:01 IST" duration-ms="3418" status="PASS">
          <reporter-output>
          </reporter-output>
        </test-method> <!-- setup -->
        <test-method signature="searchwithout_entering_product()[pri:3, instance:com.testcases.SearchTest@497aec8c]" started-at="2026-01-03T18:01:01 IST" name="searchwithout_entering_product" finished-at="2026-01-03T18:01:01 IST" duration-ms="350" status="PASS">
          <reporter-output>
          </reporter-output>
        </test-method> <!-- searchwithout_entering_product -->
        <test-method is-config="true" signature="quit()[pri:0, instance:com.testcases.SearchTest@497aec8c]" started-at="2026-01-03T18:01:01 IST" name="quit" finished-at="2026-01-03T18:01:02 IST" duration-ms="594" status="PASS">
          <reporter-output>
          </reporter-output>
        </test-method> <!-- quit -->
      </class> <!-- com.testcases.SearchTest -->
    </test> <!-- Search Test Suite -->
  </suite> <!-- All Test Suite -->
</testng-results>
