<?xml version="1.0" encoding="UTF-8"?>
<!-- Generated by org.testng.reporters.JUnitXMLReporter -->
<testsuite ignored="0" hostname="LAPTOP-BUNIBA9L" failures="0" tests="3" name="Search Test Suite" time="20.063" errors="0" timestamp="2026-01-03T18:01:02 IST">
  <testcase classname="com.testcases.SearchTest" name="searchwithvalidproduct" time="0.681"/>
  <testcase classname="com.testcases.SearchTest" name="searchwith_noexistent_product" time="0.449"/>
  <testcase classname="com.testcases.SearchTest" name="searchwithout_entering_product" time="0.35"/>
</testsuite> <!-- Search Test Suite -->
