<?xml version="1.0" encoding="UTF-8"?>
<!-- Generated by org.testng.reporters.JUnitReportReporter -->
<testsuite hostname="LAPTOP-BUNIBA9L" failures="0" tests="3" name="com.testcases.SearchTest" time="19.396" errors="0" timestamp="2026-01-03T18:01:02 IST" skipped="0">
  <testcase classname="com.testcases.SearchTest" name="searchwithvalidproduct" time="10.269"/>
  <testcase classname="com.testcases.SearchTest" name="searchwith_noexistent_product" time="4.747"/>
  <testcase classname="com.testcases.SearchTest" name="searchwithout_entering_product" time="4.380"/>
</testsuite> <!-- com.testcases.SearchTest -->
